[02:03:37] [main/INFO]: Environment: authHost='https://authserver.mojang.com', accountsHost='https://api.mojang.com', sessionHost='https://sessionserver.mojang.com', servicesHost='https://api.minecraftservices.com', name='PROD'
[02:03:38] [main/INFO]: Reloading ResourceManager: Default, bukkit
[02:03:39] [Worker-Main-5/INFO]: Loaded 7 recipes
[02:03:42] [Server thread/INFO]: Starting minecraft server version 1.16.4
[02:03:42] [Server thread/INFO]: Loading properties
[02:03:43] [Server thread/INFO]: This server is running CraftBukkit version git-Spigot-37d799b-3eb7236 (MC: 1.16.4) (Implementing API version 1.16.4-R0.1-SNAPSHOT)
[02:03:43] [Server thread/INFO]: Debug logging is disabled
[02:03:43] [Server thread/INFO]: Server Ping Player Sample Count: 12
[02:03:43] [Server thread/INFO]: Using 4 threads for Netty based IO
[02:03:43] [Server thread/INFO]: Default game type: SURVIVAL
[02:03:43] [Server thread/INFO]: Generating keypair
[02:03:43] [Server thread/INFO]: Starting Minecraft server on *:25565
[02:03:43] [Server thread/INFO]: Using default channel type
[02:03:45] [Server thread/WARN]: Initializing Legacy Material Support. Unless you have legacy plugins and/or data this is a bug!
[02:03:48] [Server thread/WARN]: Legacy plugin NoTNT v1.8 does not specify an api-version.
[02:03:48] [Server thread/WARN]: Legacy plugin AntiLag v2.0 does not specify an api-version.
[02:03:48] [Server thread/INFO]: [TAB] Loading TAB v2.8.10
[02:03:48] [Server thread/INFO]: [NoTNT] Loading NoTNT v1.8
[02:03:48] [Server thread/INFO]: [LockettePro] Loading LockettePro v2.10.8
[02:03:48] [Server thread/INFO]: [AntiLag] Loading AntiLag v2.0
[02:03:48] [Server thread/WARN]: **** SERVER IS RUNNING IN OFFLINE/INSECURE MODE!
[02:03:48] [Server thread/WARN]: The server will make no attempt to authenticate usernames. Beware.
[02:03:48] [Server thread/WARN]: While this makes the game possible to play without internet access, it also opens up the ability for hackers to connect with any username they choose.
[02:03:48] [Server thread/WARN]: To change this, set "online-mode" to "true" in the server.properties file.
[02:03:48] [Server thread/INFO]: Preparing level "world"
[02:03:48] [Server thread/INFO]: -------- World Settings For [world] --------
[02:03:48] [Server thread/INFO]: Entity Tracking Range: Pl 48 / An 48 / Mo 48 / Mi 32 / Other 64
[02:03:48] [Server thread/INFO]: Allow Zombie Pigmen to spawn from portal blocks: true
[02:03:48] [Server thread/INFO]: Item Merge Radius: 2.5
[02:03:48] [Server thread/INFO]: Item Despawn Rate: 6000
[02:03:48] [Server thread/INFO]: View Distance: 10
[02:03:48] [Server thread/INFO]: Arrow Despawn Rate: 1200 Trident Respawn Rate:1200
[02:03:48] [Server thread/INFO]: Nerfing mobs spawned from spawners: false
[02:03:48] [Server thread/INFO]: Zombie Aggressive Towards Villager: true
[02:03:48] [Server thread/INFO]: Cactus Growth Modifier: 100%
[02:03:48] [Server thread/INFO]: Cane Growth Modifier: 100%
[02:03:48] [Server thread/INFO]: Melon Growth Modifier: 100%
[02:03:48] [Server thread/INFO]: Mushroom Growth Modifier: 100%
[02:03:48] [Server thread/INFO]: Pumpkin Growth Modifier: 100%
[02:03:48] [Server thread/INFO]: Sapling Growth Modifier: 100%
[02:03:48] [Server thread/INFO]: Beetroot Growth Modifier: 100%
[02:03:48] [Server thread/INFO]: Carrot Growth Modifier: 100%
[02:03:48] [Server thread/INFO]: Potato Growth Modifier: 100%
[02:03:48] [Server thread/INFO]: Wheat Growth Modifier: 100%
[02:03:48] [Server thread/INFO]: NetherWart Growth Modifier: 100%
[02:03:48] [Server thread/INFO]: Vine Growth Modifier: 100%
[02:03:48] [Server thread/INFO]: Cocoa Growth Modifier: 100%
[02:03:48] [Server thread/INFO]: Bamboo Growth Modifier: 100%
[02:03:48] [Server thread/INFO]: SweetBerry Growth Modifier: 100%
[02:03:48] [Server thread/INFO]: Kelp Growth Modifier: 100%
[02:03:48] [Server thread/INFO]: Mob Spawn Range: 6
[02:03:48] [Server thread/INFO]: Experience Merge Radius: 3.0
[02:03:48] [Server thread/INFO]: Entity Activation Range: An 32 / Mo 32 / Ra 48 / Mi 16 / Tiv true
[02:03:48] [Server thread/INFO]: Max TNT Explosions: 100
[02:03:48] [Server thread/INFO]: Hopper Transfer: 8 Hopper Check: 1 Hopper Amount: 1
[02:03:48] [Server thread/INFO]: Tile Max Tick Time: 50ms Entity max Tick Time: 50ms
[02:03:48] [Server thread/INFO]: Custom Map Seeds:  Village: 10387312 Desert: 14357617 Igloo: 14357618 Jungle: 14357619 Swamp: 14357620 Monument: 10387313 Ocean: 14357621 Shipwreck: 165745295 End City: 10387313 Slime: 987234911 Bastion: 30084232 Fortress: 30084232 Mansion: 10387319 Fossil: 14357921 Portal: 34222645
[02:03:48] [Server thread/INFO]: -------- World Settings For [world_nether] --------
[02:03:48] [Server thread/INFO]: Entity Tracking Range: Pl 48 / An 48 / Mo 48 / Mi 32 / Other 64
[02:03:48] [Server thread/INFO]: Allow Zombie Pigmen to spawn from portal blocks: true
[02:03:48] [Server thread/INFO]: Item Merge Radius: 2.5
[02:03:48] [Server thread/INFO]: Item Despawn Rate: 6000
[02:03:48] [Server thread/INFO]: View Distance: 10
[02:03:48] [Server thread/INFO]: Arrow Despawn Rate: 1200 Trident Respawn Rate:1200
[02:03:48] [Server thread/INFO]: Nerfing mobs spawned from spawners: false
[02:03:48] [Server thread/INFO]: Zombie Aggressive Towards Villager: true
[02:03:48] [Server thread/INFO]: Cactus Growth Modifier: 100%
[02:03:48] [Server thread/INFO]: Cane Growth Modifier: 100%
[02:03:48] [Server thread/INFO]: Melon Growth Modifier: 100%
[02:03:48] [Server thread/INFO]: Mushroom Growth Modifier: 100%
[02:03:48] [Server thread/INFO]: Pumpkin Growth Modifier: 100%
[02:03:48] [Server thread/INFO]: Sapling Growth Modifier: 100%
[02:03:48] [Server thread/INFO]: Beetroot Growth Modifier: 100%
[02:03:48] [Server thread/INFO]: Carrot Growth Modifier: 100%
[02:03:48] [Server thread/INFO]: Potato Growth Modifier: 100%
[02:03:48] [Server thread/INFO]: Wheat Growth Modifier: 100%
[02:03:48] [Server thread/INFO]: NetherWart Growth Modifier: 100%
[02:03:48] [Server thread/INFO]: Vine Growth Modifier: 100%
[02:03:48] [Server thread/INFO]: Cocoa Growth Modifier: 100%
[02:03:48] [Server thread/INFO]: Bamboo Growth Modifier: 100%
[02:03:48] [Server thread/INFO]: SweetBerry Growth Modifier: 100%
[02:03:48] [Server thread/INFO]: Kelp Growth Modifier: 100%
[02:03:48] [Server thread/INFO]: Mob Spawn Range: 6
[02:03:48] [Server thread/INFO]: Experience Merge Radius: 3.0
[02:03:48] [Server thread/INFO]: Entity Activation Range: An 32 / Mo 32 / Ra 48 / Mi 16 / Tiv true
[02:03:48] [Server thread/INFO]: Max TNT Explosions: 100
[02:03:48] [Server thread/INFO]: Hopper Transfer: 8 Hopper Check: 1 Hopper Amount: 1
[02:03:48] [Server thread/INFO]: Tile Max Tick Time: 50ms Entity max Tick Time: 50ms
[02:03:48] [Server thread/INFO]: Custom Map Seeds:  Village: 10387312 Desert: 14357617 Igloo: 14357618 Jungle: 14357619 Swamp: 14357620 Monument: 10387313 Ocean: 14357621 Shipwreck: 165745295 End City: 10387313 Slime: 987234911 Bastion: 30084232 Fortress: 30084232 Mansion: 10387319 Fossil: 14357921 Portal: 34222645
[02:03:48] [Server thread/INFO]: -------- World Settings For [world_the_end] --------
[02:03:48] [Server thread/INFO]: Entity Tracking Range: Pl 48 / An 48 / Mo 48 / Mi 32 / Other 64
[02:03:48] [Server thread/INFO]: Allow Zombie Pigmen to spawn from portal blocks: true
[02:03:48] [Server thread/INFO]: Item Merge Radius: 2.5
[02:03:48] [Server thread/INFO]: Item Despawn Rate: 6000
[02:03:48] [Server thread/INFO]: View Distance: 10
[02:03:48] [Server thread/INFO]: Arrow Despawn Rate: 1200 Trident Respawn Rate:1200
[02:03:48] [Server thread/INFO]: Nerfing mobs spawned from spawners: false
[02:03:48] [Server thread/INFO]: Zombie Aggressive Towards Villager: true
[02:03:48] [Server thread/INFO]: Cactus Growth Modifier: 100%
[02:03:48] [Server thread/INFO]: Cane Growth Modifier: 100%
[02:03:48] [Server thread/INFO]: Melon Growth Modifier: 100%
[02:03:48] [Server thread/INFO]: Mushroom Growth Modifier: 100%
[02:03:48] [Server thread/INFO]: Pumpkin Growth Modifier: 100%
[02:03:48] [Server thread/INFO]: Sapling Growth Modifier: 100%
[02:03:48] [Server thread/INFO]: Beetroot Growth Modifier: 100%
[02:03:48] [Server thread/INFO]: Carrot Growth Modifier: 100%
[02:03:48] [Server thread/INFO]: Potato Growth Modifier: 100%
[02:03:48] [Server thread/INFO]: Wheat Growth Modifier: 100%
[02:03:48] [Server thread/INFO]: NetherWart Growth Modifier: 100%
[02:03:48] [Server thread/INFO]: Vine Growth Modifier: 100%
[02:03:48] [Server thread/INFO]: Cocoa Growth Modifier: 100%
[02:03:48] [Server thread/INFO]: Bamboo Growth Modifier: 100%
[02:03:48] [Server thread/INFO]: SweetBerry Growth Modifier: 100%
[02:03:48] [Server thread/INFO]: Kelp Growth Modifier: 100%
[02:03:48] [Server thread/INFO]: Mob Spawn Range: 6
[02:03:48] [Server thread/INFO]: Experience Merge Radius: 3.0
[02:03:48] [Server thread/INFO]: Entity Activation Range: An 32 / Mo 32 / Ra 48 / Mi 16 / Tiv true
[02:03:48] [Server thread/INFO]: Max TNT Explosions: 100
[02:03:48] [Server thread/INFO]: Hopper Transfer: 8 Hopper Check: 1 Hopper Amount: 1
[02:03:48] [Server thread/INFO]: Tile Max Tick Time: 50ms Entity max Tick Time: 50ms
[02:03:48] [Server thread/INFO]: Custom Map Seeds:  Village: 10387312 Desert: 14357617 Igloo: 14357618 Jungle: 14357619 Swamp: 14357620 Monument: 10387313 Ocean: 14357621 Shipwreck: 165745295 End City: 10387313 Slime: 987234911 Bastion: 30084232 Fortress: 30084232 Mansion: 10387319 Fossil: 14357921 Portal: 34222645
[02:03:49] [Server thread/INFO]: Preparing start region for dimension minecraft:overworld
[02:03:50] [Server thread/INFO]: Preparing spawn area: 0%
[02:03:50] [Server thread/INFO]: Preparing spawn area: 0%
[02:03:50] [Server thread/INFO]: Preparing spawn area: 0%
[02:03:51] [Server thread/INFO]: Preparing spawn area: 0%
[02:03:51] [Server thread/INFO]: Preparing spawn area: 0%
[02:03:51] [Server thread/INFO]: Time elapsed: 2690 ms
[02:03:51] [Server thread/INFO]: Preparing start region for dimension minecraft:the_nether
[02:03:52] [Server thread/INFO]: Preparing spawn area: 0%
[02:03:52] [Server thread/INFO]: Preparing spawn area: 0%
[02:03:52] [Server thread/INFO]: Preparing spawn area: 0%
[02:03:53] [Worker-Main-7/INFO]: Preparing spawn area: 83%
[02:03:53] [Worker-Main-7/INFO]: Preparing spawn area: 83%
[02:03:54] [Worker-Main-4/INFO]: Preparing spawn area: 83%
[02:03:54] [Worker-Main-4/INFO]: Preparing spawn area: 83%
[02:03:55] [Worker-Main-8/INFO]: Preparing spawn area: 83%
[02:03:55] [Worker-Main-7/INFO]: Preparing spawn area: 85%
[02:03:56] [Worker-Main-7/INFO]: Preparing spawn area: 88%
[02:03:56] [Worker-Main-4/INFO]: Preparing spawn area: 97%
[02:03:56] [Server thread/INFO]: Time elapsed: 5247 ms
[02:03:56] [Server thread/INFO]: Preparing start region for dimension minecraft:the_end
[02:03:57] [Server thread/INFO]: Preparing spawn area: 0%
[02:03:57] [Worker-Main-4/INFO]: Preparing spawn area: 40%
[02:03:57] [Worker-Main-8/INFO]: Preparing spawn area: 83%
[02:03:58] [Server thread/INFO]: Time elapsed: 1189 ms
[02:03:58] [Server thread/INFO]: [TAB] Enabling TAB v2.8.10
[02:03:58] [Server thread/INFO]: [0;37;22m[TAB] Server version: 1.16.4 (v1_16_R3)[m
[02:03:58] [Server thread/INFO]: [0;32;1m[TAB] Enabled in 139ms[m
[02:03:58] [Server thread/INFO]: [NoTNT] Enabling NoTNT v1.8
[02:03:58] [Server thread/INFO]: NoTNT v1.8 has been enabled.
[02:03:58] [Server thread/INFO]: NoTNT is running v1.4 config.
[02:03:58] [Server thread/INFO]: [LockettePro] Enabling LockettePro v2.10.8
[02:03:58] [Server thread/INFO]: [LockettePro] Compatible server version detected: 1.16.4
[02:03:58] [Server thread/INFO]: [LockettePro] ===================================
[02:03:58] [Server thread/INFO]: [AntiLag] Enabling AntiLag v2.0
[02:03:58] [Server thread/INFO]: Server permissions file permissions.yml is empty, ignoring it
[02:03:58] [Server thread/INFO]: Done (10.320s)! For help, type "help"
[02:03:59] [User Authenticator #1/INFO]: UUID of player mehmet is 96dda715-b079-3061-b0e9-503eda17f1e6
[02:04:00] [Server thread/INFO]: mehmet[/127.0.0.1:61058] logged in with entity id 192 at ([world]13.730548364041297, 81.0, 346.188005419797)
[02:04:56] [Server thread/INFO]: mehmet hit the ground too hard
[02:05:25] [Server thread/INFO]: mehmet lost connection: Disconnected
[02:05:25] [Server thread/INFO]: mehmet left the game
